3  51.6979 94.7038 0.269662 0.875
4  864.718 1111.68 1.24877 1.5
5  6116.18 13049.5 1.36719 2.125
6  62105.9 153183 1.84721 2.75
7  645046 1.79814e+06 2.34981 3.375
8  6.66608e+06 2.11075e+07 2.8474 4
9  7.16056e+07 2.47771e+08 3.38367 4.625
10  8.01321e+08 2.90847e+09 3.96088 5.25
11  9.36388e+09 3.41412e+10 4.58136 5.875
12  1.13097e+11 4.00768e+11 5.23486 6.5
13  1.39364e+12 4.70443e+12 5.90842 7.125
14  1.73316e+13 5.52231e+13 6.59115 7.75
15  2.15985e+14 6.48238e+14 7.27595 8.375
16  2.68662e+15 7.60936e+15 7.95891 9
17  3.32923e+16 8.93228e+16 8.63807 9.625
18  4.10713e+17 1.04852e+18 9.31276 10.25
19  5.04344e+18 1.23081e+19 9.98283 10.875
20  6.16607e+19 1.44479e+20 10.6485 11.5
21  7.50774e+20 1.69597e+21 11.3101 12.125
22  9.10753e+21 1.99082e+22 11.968 12.75
23  1.10114e+23 2.33693e+23 12.6225 13.375
24  1.32734e+24 2.74321e+24 13.274 14
25  1.59573e+25 3.22013e+25 13.9229 14.625
26  1.91382e+26 3.77996e+26 14.5694 15.25
27  2.29039e+27 4.43712e+27 15.2137 15.875
28  2.73582e+28 5.20853e+28 15.8561 16.5
29  3.26229e+29 6.11405e+29 16.4968 17.125
30  3.88407e+30 7.177e+30 17.136 17.75
31  4.61794e+31 8.42475e+31 17.7738 18.375
32  5.48364e+32 9.88943e+32 18.4103 19
33  6.50423e+33 1.16087e+34 19.0457 19.625
34  7.7069e+34 1.3627e+35 19.6801 20.25
35  9.12347e+35 1.59961e+36 20.3135 20.875
36  1.07913e+37 1.8777e+37 20.9461 21.5
37  1.27542e+38 2.20415e+38 21.5779 22.125
38  1.50636e+39 2.58735e+39 22.2091 22.75
39  1.77797e+40 3.03717e+40 22.8395 23.375
40  2.09732e+41 3.56519e+41 23.4694 24
41  2.47271e+42 4.18501e+42 24.0988 24.625
42  2.91384e+43 4.91259e+43 24.7277 25.25
43  3.43211e+44 5.76666e+44 25.3561 25.875
44  4.04088e+45 6.76921e+45 25.9841 26.5
45  4.75578e+46 7.94606e+46 26.6117 27.125
46  5.59519e+47 9.32751e+47 27.2389 27.75
47  6.58056e+48 1.09491e+49 27.8659 28.375
48  7.73714e+49 1.28527e+50 28.4925 29
49  9.09441e+50 1.50872e+51 29.1188 29.625
50  1.0687e+52 1.77101e+52 29.7449 30.25
51  1.25554e+53 2.07891e+53 30.3707 30.875
52  1.47472e+54 2.44033e+54 30.9963 31.5
53  1.7318e+55 2.8646e+55 31.6217 32.125
54  2.03329e+56 3.36262e+56 32.2469 32.75
55  2.38684e+57 3.94722e+57 32.872 33.375
56  2.80138e+58 4.63346e+58 33.4968 34
57  3.28743e+59 5.439e+59 34.1215 34.625
58  3.85721e+60 6.38459e+60 34.7461 35.25
59  4.52516e+61 7.49457e+61 35.3705 35.875
60  5.30807e+62 8.79753e+62 35.9948 36.5
61  6.22569e+63 1.0327e+64 36.6189 37.125
62  7.30116e+64 1.21224e+65 37.243 37.75
63  8.56145e+65 1.42299e+66 37.8669 38.375
64  1.00384e+67 1.67038e+67 38.4908 39
65  1.1769e+68 1.96079e+68 39.1145 39.625
66  1.37968e+69 2.30168e+69 39.7382 40.25
67  1.61727e+70 2.70183e+70 40.3618 40.875
68  1.89562e+71 3.17155e+71 40.9853 41.5
69  2.22175e+72 3.72294e+72 41.6088 42.125
70  2.60378e+73 4.37019e+73 42.2322 42.75
71  3.05135e+74 5.12996e+74 42.8555 43.375
72  3.57562e+75 6.02182e+75 43.4787 44
73  4.18975e+76 7.06874e+76 44.102 44.625
74  4.90912e+77 8.29766e+77 44.7251 45.25
75  5.75167e+78 9.74024e+78 45.3482 45.875
76  6.73865e+79 1.14336e+80 45.9713 46.5
77  7.89456e+80 1.34214e+81 46.5943 47.125
78  9.24843e+81 1.57547e+82 47.2173 47.75
79  1.08341e+83 1.84938e+83 47.8403 48.375
80  1.26911e+84 2.1709e+84 48.4632 49
81  1.48661e+85 2.54831e+85 49.0861 49.625
82  1.74131e+86 2.99135e+86 49.7089 50.25
83  2.03961e+87 3.51141e+87 50.3317 50.875
84  2.38895e+88 4.12188e+88 50.9545 51.5
85  2.79803e+89 4.83848e+89 51.5773 52.125
86  3.27713e+90 5.67966e+90 52.2001 52.75
87  3.83813e+91 6.66709e+91 52.8228 53.375
88  4.49512e+92 7.82619e+92 53.4455 54
89  5.26446e+93 9.1868e+93 54.0682 54.625
90  6.16533e+94 1.0784e+95 54.6909 55.25
91  7.22033e+95 1.26588e+96 55.3135 55.875
92  8.45562e+96 1.48596e+97 55.9362 56.5
93  9.90224e+97 1.7443e+98 56.5588 57.125
94  1.15961e+99 2.04755e+99 57.1814 57.75
95  1.35796e+100 2.40352e+100 57.804 58.375
96  1.59023e+101 2.82138e+101 58.4267 59
97  1.86219e+102 3.31189e+102 59.0492 59.625
98  2.18066e+103 3.88767e+103 59.6718 60.25
99  2.55356e+104 4.56356e+104 60.2944 60.875
100  2.99019e+105 5.35695e+105 60.9169 61.5
101  3.50151e+106 6.28827e+106 61.5395 62.125
102  4.10017e+107 7.38151e+107 62.1621 62.75
103  4.80122e+108 8.66482e+108 62.7846 63.375
104  5.62209e+109 1.01712e+110 63.4071 64
105  6.58322e+110 1.19395e+111 64.0297 64.625
106  7.70875e+111 1.40153e+112 64.6522 65.25
107  9.02655e+112 1.64519e+113 65.2747 65.875
108  1.05697e+114 1.93121e+114 65.8973 66.5
109  1.23766e+115 2.26695e+115 66.5198 67.125
110  1.44923e+116 2.66107e+116 67.1423 67.75
111  1.69698e+117 3.12371e+117 67.7648 68.375
112  1.98706e+118 3.66678e+118 68.3873 69
113  2.32675e+119 4.30426e+119 69.0099 69.625
114  2.7245e+120 5.05257e+120 69.6324 70.25
115  3.19021e+121 5.93098e+121 70.2549 70.875
116  3.73559e+122 6.9621e+122 70.8774 71.5
117  4.37416e+123 8.17249e+123 71.4999 72.125
118  5.12191e+124 9.5933e+124 72.1225 72.75
119  5.99752e+125 1.12611e+126 72.745 73.375
120  7.02271e+126 1.32189e+127 73.3675 74
121  8.22336e+127 1.55171e+128 73.99 74.625
122  9.62914e+128 1.82148e+129 74.6126 75.25
123  1.12753e+130 2.13815e+130 75.2351 75.875
124  1.3203e+131 2.50987e+131 75.8576 76.5
125  1.546e+132 2.94622e+132 76.4801 77.125
126  1.81034e+133 3.45843e+133 77.1027 77.75
127  2.11985e+134 4.05969e+134 77.7252 78.375
128  2.48228e+135 4.76549e+135 78.3478 79
129  2.90671e+136 5.59398e+136 78.9703 79.625
130  3.40367e+137 6.56652e+137 79.5929 80.25
131  3.98569e+138 7.70813e+138 80.2154 80.875
132  4.6672e+139 9.04822e+139 80.838 81.5
133  5.46523e+140 1.06213e+141 81.4605 82.125
134  6.39984e+141 1.24678e+142 82.0831 82.75
135  7.49417e+142 1.46354e+143 82.7057 83.375
136  8.7758e+143 1.71798e+144 83.3283 84
137  1.02766e+145 2.01666e+145 83.9508 84.625
138  1.2034e+146 2.36726e+146 84.5734 85.25
139  1.40923e+147 2.77882e+147 85.196 85.875
140  1.65023e+148 3.26193e+148 85.8186 86.5
141  1.93249e+149 3.82903e+149 86.4412 87.125
142  2.26303e+150 4.49471e+150 87.0638 87.75
143  2.65009e+151 5.27614e+151 87.6864 88.375
144  3.10343e+152 6.19341e+152 88.309 89
145  3.63428e+153 7.27016e+153 88.9316 89.625
146  4.25598e+154 8.5341e+154 89.5543 90.25
147  4.98408e+155 1.00178e+156 90.1769 90.875
148  5.83666e+156 1.17594e+157 90.7995 91.5
149  6.8353e+157 1.38038e+158 91.4222 92.125
150  8.00472e+158 1.62037e+159 92.0448 92.75
151  9.37426e+159 1.90207e+160 92.6674 93.375
152  1.09783e+161 2.23276e+161 93.2901 94
153  1.28566e+162 2.62093e+162 93.9127 94.625
154  1.50567e+163 3.07659e+163 94.5354 95.25
155  1.76332e+164 3.61146e+164 95.1581 95.875
156  2.06506e+165 4.23933e+165 95.7808 96.5
157  2.41848e+166 4.97635e+166 96.4034 97.125
158  2.83235e+167 5.84151e+167 97.0261 97.75
159  3.31712e+168 6.85707e+168 97.6488 98.375
160  3.88486e+169 8.0492e+169 98.2715 99
161  4.54973e+170 9.44858e+170 98.8942 99.625
162  5.32856e+171 1.10913e+172 99.5169 100.25
163  6.24062e+172 1.30195e+173 100.14 100.875
164  7.30889e+173 1.5283e+174 100.762 101.5
165  8.5601e+174 1.794e+175 101.385 102.125
166  1.00254e+176 2.10589e+176 102.008 102.75
167  1.17419e+177 2.47201e+177 102.631 103.375
168  1.37521e+178 2.90178e+178 103.253 104
169  1.61066e+179 3.40626e+179 103.876 104.625
170  1.88644e+180 3.99845e+180 104.499 105.25
171  2.20942e+181 4.6936e+181 105.122 105.875
172  -nan 5.5096e+182 -nan 106.5
173  -nan 6.46746e+183 -nan 107.125
174  -nan 7.59185e+184 -nan 107.75
175  -nan 8.91172e+185 -nan 108.375
176  -nan 1.04611e+187 -nan 109
177  -nan 1.22797e+188 -nan 109.625
178  -nan 1.44146e+189 -nan 110.25
179  -nan 1.69207e+190 -nan 110.875
180  -nan 1.98624e+191 -nan 111.5
181  -nan 2.33155e+192 -nan 112.125
182  -nan 2.7369e+193 -nan 112.75
183  -nan 3.21272e+194 -nan 113.375
184  -nan 3.77126e+195 -nan 114
185  -nan 4.42691e+196 -nan 114.625
186  -nan 5.19654e+197 -nan 115.25
187  -nan 6.09998e+198 -nan 115.875
188  -nan 7.16048e+199 -nan 116.5
189  -nan 8.40536e+200 -nan 117.125
190  -nan 9.86666e+201 -nan 117.75
191  -nan 1.1582e+203 -nan 118.375
192  -nan 1.35956e+204 -nan 119
193  -nan 1.59592e+205 -nan 119.625
194  -nan 1.87338e+206 -nan 120.25
195  -nan 2.19907e+207 -nan 120.875
196  -nan 2.58139e+208 -nan 121.5
197  -nan 3.03017e+209 -nan 122.125
198  -nan 3.55698e+210 -nan 122.75
199  -nan 4.17538e+211 -nan 123.375
200  -nan 4.90128e+212 -nan 124
